<?xml version="1.0" encoding="UTF-8"?>
<testsuite xmlns:xsi="http://www.w3.org/2001/XMLSchema-instance" xsi:noNamespaceSchemaLocation="https://maven.apache.org/surefire/maven-surefire-plugin/xsd/surefire-test-report-3.0.xsd" version="3.0" name="com.mulesoft.ScatterGatherLabTestCase" time="10.584" tests="1" errors="0" skipped="0" failures="0">
  <properties>
    <property name="sun.desktop" value="windows"/>
    <property name="awt.toolkit" value="sun.awt.windows.WToolkit"/>
    <property name="file.encoding.pkg" value="sun.io"/>
    <property name="java.specification.version" value="1.8"/>
    <property name="sun.cpu.isalist" value="amd64"/>
    <property name="sun.jnu.encoding" value="Cp1252"/>
    <property name="java.class.path" value="C:\Users\f7311419\AnypointStudio\training\bid-processing\target\test-classes;C:\Users\f7311419\AnypointStudio\training\bid-processing\target\classes;C:\Users\f7311419\.m2\repository\org\mule\transports\mule-transport-file\3.9.0\mule-transport-file-3.9.0.jar;C:\Users\f7311419\.m2\repository\org\mule\transports\mule-transport-vm\3.9.0\mule-transport-vm-3.9.0.jar;C:\Users\f7311419\.m2\repository\org\mule\modules\mule-module-xml\3.9.0\mule-module-xml-3.9.0.jar;C:\Users\f7311419\.m2\repository\commons-jxpath\commons-jxpath\1.3\commons-jxpath-1.3.jar;C:\Users\f7311419\.m2\repository\com\thoughtworks\xstream\xstream\1.4.10\xstream-1.4.10.jar;C:\Users\f7311419\.m2\repository\xmlpull\xmlpull\1.1.3.1\xmlpull-1.1.3.1.jar;C:\Users\f7311419\.m2\repository\joda-time\joda-time\2.9.1\joda-time-2.9.1.jar;C:\Users\f7311419\.m2\repository\xpp3\xpp3_min\1.1.3.4.O\xpp3_min-1.1.3.4.O.jar;C:\Users\f7311419\.m2\repository\org\codehaus\woodstox\woodstox-core-asl\4.4.1\woodstox-core-asl-4.4.1.jar;C:\Users\f7311419\.m2\repository\org\codehaus\woodstox\stax2-api\3.1.4\stax2-api-3.1.4.jar;C:\Users\f7311419\.m2\repository\net\java\dev\stax-utils\stax-utils\20080702\stax-utils-20080702.jar;C:\Users\f7311419\.m2\repository\net\sf\saxon\Saxon-HE\9.6.0-10\Saxon-HE-9.6.0-10.jar;C:\Users\f7311419\.m2\repository\net\sf\saxon\Saxon-HE\9.6.0-10\Saxon-HE-9.6.0-10-xqj.jar;C:\Users\f7311419\.m2\repository\javax\xml\xquery\xqj-api\1.0\xqj-api-1.0.jar;C:\Users\f7311419\.m2\repository\com\mulesoft\weave\mule-plugin-weave\3.9.0\mule-plugin-weave-3.9.0.jar;C:\Users\f7311419\.m2\repository\org\scala-lang\scala-library\2.11.7\scala-library-2.11.7.jar;C:\Users\f7311419\.m2\repository\com\mulesoft\weave\core\1.2.1-SNAPSHOTS\core-1.2.1-SNAPSHOTS.jar;C:\Users\f7311419\.m2\repository\com\mulesoft\weave\parser\1.2.1-SNAPSHOTS\parser-1.2.1-SNAPSHOTS.jar;C:\Users\f7311419\.m2\repository\org\parboiled\parboiled_2.11\2.1.3\parboiled_2.11-2.1.3.jar;C:\Users\f7311419\.m2\repository\com\chuusai\shapeless_2.11\2.3.0\shapeless_2.11-2.3.0.jar;C:\Users\f7311419\.m2\repository\org\typelevel\macro-compat_2.11\1.1.1\macro-compat_2.11-1.1.1.jar;C:\Users\f7311419\.m2\repository\org\spire-math\spire_2.11\0.11.0\spire_2.11-0.11.0.jar;C:\Users\f7311419\.m2\repository\org\spire-math\spire-macros_2.11\0.11.0\spire-macros_2.11-0.11.0.jar;C:\Users\f7311419\.m2\repository\org\typelevel\machinist_2.11\0.4.1\machinist_2.11-0.4.1.jar;C:\Users\f7311419\.m2\repository\org\scala-lang\scala-reflect\2.11.7\scala-reflect-2.11.7.jar;C:\Users\f7311419\.m2\repository\org\threeten\threetenbp\1.3.1\threetenbp-1.3.1.jar;C:\Users\f7311419\.m2\repository\com\fasterxml\woodstox\woodstox-core\5.0.2\woodstox-core-5.0.2.jar;C:\Users\f7311419\.m2\repository\com\fasterxml\aalto-xml\1.0.0\aalto-xml-1.0.0.jar;C:\Users\f7311419\.m2\repository\com\mulesoft\weave\flatfile\1.2.1-SNAPSHOTS\flatfile-1.2.1-SNAPSHOTS.jar;C:\Users\f7311419\.m2\repository\org\mule\edi\edi-parser\1.2.8\edi-parser-1.2.8.jar;C:\Users\f7311419\.m2\repository\org\mule\edi\ltm-datamodel\1.2.8\ltm-datamodel-1.2.8.jar;C:\Users\f7311419\.m2\repository\org\yaml\snakeyaml\1.15\snakeyaml-1.15.jar;C:\Users\f7311419\.m2\repository\log4j\log4j\1.2.17\log4j-1.2.17.jar;C:\Users\f7311419\.m2\repository\org\scala-lang\scala-compiler\2.11.5\scala-compiler-2.11.5.jar;C:\Users\f7311419\.m2\repository\org\scala-lang\modules\scala-xml_2.11\1.0.3\scala-xml_2.11-1.0.3.jar;C:\Users\f7311419\.m2\repository\org\scala-lang\modules\scala-parser-combinators_2.11\1.0.3\scala-parser-combinators_2.11-1.0.3.jar;C:\Users\f7311419\.m2\repository\com\mulesoft\weave\excel\1.2.1-SNAPSHOTS\excel-1.2.1-SNAPSHOTS.jar;C:\Users\f7311419\.m2\repository\org\apache\poi\poi\3.15\poi-3.15.jar;C:\Users\f7311419\.m2\repository\commons-codec\commons-codec\1.10\commons-codec-1.10.jar;C:\Users\f7311419\.m2\repository\org\apache\commons\commons-collections4\4.1\commons-collections4-4.1.jar;C:\Users\f7311419\.m2\repository\org\apache\poi\poi-ooxml\3.15\poi-ooxml-3.15.jar;C:\Users\f7311419\.m2\repository\org\apache\poi\poi-ooxml-schemas\3.15\poi-ooxml-schemas-3.15.jar;C:\Users\f7311419\.m2\repository\org\apache\xmlbeans\xmlbeans\2.6.0\xmlbeans-2.6.0.jar;C:\Users\f7311419\.m2\repository\stax\stax-api\1.0.1\stax-api-1.0.1.jar;C:\Users\f7311419\.m2\repository\com\github\virtuald\curvesapi\1.04\curvesapi-1.04.jar;C:\Users\f7311419\.m2\repository\org\mule\modules\mule-module-spring-config\3.9.0\mule-module-spring-config-3.9.0.jar;C:\Users\f7311419\.m2\repository\org\mule\mule-core\3.9.0\mule-core-3.9.0.jar;C:\Users\f7311419\.m2\repository\org\mule\extensions\mule-extensions-api\1.0.0-alpha-1\mule-extensions-api-1.0.0-alpha-1.jar;C:\Users\f7311419\.m2\repository\commons-beanutils\commons-beanutils\1.9.3\commons-beanutils-1.9.3.jar;C:\Users\f7311419\.m2\repository\com\github\stephenc\eaio-uuid\uuid\3.4.0\uuid-3.4.0.jar;C:\Users\f7311419\.m2\repository\com\github\stephenc\eaio-grabbag\grabbag\1.8.1\grabbag-1.8.1.jar;C:\Users\f7311419\.m2\repository\commons-cli\commons-cli\1.2\commons-cli-1.2.jar;C:\Users\f7311419\.m2\repository\commons-collections\commons-collections\3.2.2\commons-collections-3.2.2.jar;C:\Users\f7311419\.m2\repository\commons-io\commons-io\2.4\commons-io-2.4.jar;C:\Users\f7311419\.m2\repository\commons-lang\commons-lang\2.4\commons-lang-2.4.jar;C:\Users\f7311419\.m2\repository\commons-pool\commons-pool\1.6\commons-pool-1.6.jar;C:\Users\f7311419\.m2\repository\javax\transaction\javax.transaction-api\1.2\javax.transaction-api-1.2.jar;C:\Users\f7311419\.m2\repository\org\apache\geronimo\specs\geronimo-j2ee-connector_1.5_spec\2.0.0\geronimo-j2ee-connector_1.5_spec-2.0.0.jar;C:\Users\f7311419\.m2\repository\javax\inject\javax.inject\1\javax.inject-1.jar;C:\Users\f7311419\.m2\repository\com\lmax\disruptor\3.3.0\disruptor-3.3.0.jar;C:\Users\f7311419\.m2\repository\org\slf4j\slf4j-api\1.7.24\slf4j-api-1.7.24.jar;C:\Users\f7311419\.m2\repository\org\apache\logging\log4j\log4j-api\2.8.2\log4j-api-2.8.2.jar;C:\Users\f7311419\.m2\repository\org\apache\logging\log4j\log4j-core\2.8.2\log4j-core-2.8.2.jar;C:\Users\f7311419\.m2\repository\org\apache\logging\log4j\log4j-slf4j-impl\2.8.2\log4j-slf4j-impl-2.8.2.jar;C:\Users\f7311419\.m2\repository\org\apache\logging\log4j\log4j-1.2-api\2.8.2\log4j-1.2-api-2.8.2.jar;C:\Users\f7311419\.m2\repository\org\apache\logging\log4j\log4j-jcl\2.8.2\log4j-jcl-2.8.2.jar;C:\Users\f7311419\.m2\repository\commons-logging\commons-logging\1.2\commons-logging-1.2.jar;C:\Users\f7311419\.m2\repository\org\slf4j\jcl-over-slf4j\1.7.24\jcl-over-slf4j-1.7.24.jar;C:\Users\f7311419\.m2\repository\org\apache\logging\log4j\log4j-jul\2.8.2\log4j-jul-2.8.2.jar;C:\Users\f7311419\.m2\repository\asm\asm\3.1\asm-3.1.jar;C:\Users\f7311419\.m2\repository\asm\asm-commons\3.1\asm-commons-3.1.jar;C:\Users\f7311419\.m2\repository\asm\asm-tree\3.1\asm-tree-3.1.jar;C:\Users\f7311419\.m2\repository\org\mule\mvel\mule-mvel2\2.1.9-MULE-012\mule-mvel2-2.1.9-MULE-012.jar;C:\Users\f7311419\.m2\repository\org\jgrapht\jgrapht-jdk1.5\0.7.3\jgrapht-jdk1.5-0.7.3.jar;C:\Users\f7311419\.m2\repository\org\mule\common\mule-common\3.9.0\mule-common-3.9.0.jar;C:\Users\f7311419\.m2\repository\org\mulesoft\xmlbeans\xmlbeans\2.6.3\xmlbeans-2.6.3.jar;C:\Users\f7311419\.m2\repository\javax\xml\stream\stax-api\1.0-2\stax-api-1.0-2.jar;C:\Users\f7311419\.m2\repository\org\json\json\20140107\json-20140107.jar;C:\Users\f7311419\.m2\repository\com\fasterxml\jackson\core\jackson-core\2.8.9\jackson-core-2.8.9.jar;C:\Users\f7311419\.m2\repository\com\fasterxml\jackson\core\jackson-databind\2.8.9\jackson-databind-2.8.9.jar;C:\Users\f7311419\.m2\repository\com\fasterxml\jackson\core\jackson-annotations\2.8.0\jackson-annotations-2.8.0.jar;C:\Users\f7311419\.m2\repository\org\antlr\antlr-runtime\3.5.2\antlr-runtime-3.5.2.jar;C:\Users\f7311419\.m2\repository\org\mule\modules\mule-module-annotations\3.9.0\mule-module-annotations-3.9.0.jar;C:\Users\f7311419\.m2\repository\cglib\cglib-nodep\2.2\cglib-nodep-2.2.jar;C:\Users\f7311419\.m2\repository\org\springframework\spring-context\4.1.9.RELEASE\spring-context-4.1.9.RELEASE.jar;C:\Users\f7311419\.m2\repository\org\springframework\spring-core\4.1.9.RELEASE\spring-core-4.1.9.RELEASE.jar;C:\Users\f7311419\.m2\repository\org\springframework\spring-expression\4.1.9.RELEASE\spring-expression-4.1.9.RELEASE.jar;C:\Users\f7311419\.m2\repository\dom4j\dom4j\1.6.1\dom4j-1.6.1.jar;C:\Users\f7311419\.m2\repository\jaxen\jaxen\1.1.1\jaxen-1.1.1.jar;C:\Users\f7311419\.m2\repository\org\mule\tests\mule-tests-functional\3.9.0\mule-tests-functional-3.9.0.jar;C:\Users\f7311419\.m2\repository\org\mule\modules\mule-module-extensions-support\3.9.0\mule-module-extensions-support-3.9.0.jar;C:\Users\f7311419\.m2\repository\org\mule\extensions\mule-extensions-annotations\1.0.0-alpha-1\mule-extensions-annotations-1.0.0-alpha-1.jar;C:\Users\f7311419\.m2\repository\org\springframework\spring-beans\4.1.9.RELEASE\spring-beans-4.1.9.RELEASE.jar;C:\Users\f7311419\.m2\repository\org\springframework\spring-aop\4.1.9.RELEASE\spring-aop-4.1.9.RELEASE.jar;C:\Users\f7311419\.m2\repository\aopalliance\aopalliance\1.0\aopalliance-1.0.jar;C:\Users\f7311419\.m2\repository\junit\junit\4.12\junit-4.12.jar;C:\Users\f7311419\.m2\repository\org\hamcrest\hamcrest-library\1.3\hamcrest-library-1.3.jar;C:\Users\f7311419\.m2\repository\org\hamcrest\hamcrest-core\1.3\hamcrest-core-1.3.jar;C:\Users\f7311419\.m2\repository\commons-net\commons-net\3.5\commons-net-3.5.jar;C:\Users\f7311419\.m2\repository\org\apache\ftpserver\ftpserver-core\1.0.6\ftpserver-core-1.0.6.jar;C:\Users\f7311419\.m2\repository\org\apache\mina\mina-core\2.0.4\mina-core-2.0.4.jar;C:\Users\f7311419\.m2\repository\org\apache\ftpserver\ftplet-api\1.0.6\ftplet-api-1.0.6.jar;C:\Users\f7311419\.m2\repository\org\apache\sshd\sshd-core\1.4.0\sshd-core-1.4.0.jar;C:\Users\f7311419\.m2\repository\org\bouncycastle\bcprov-jdk15on\1.56\bcprov-jdk15on-1.56.jar;C:\Users\f7311419\.m2\repository\commons-dbutils\commons-dbutils\1.2\commons-dbutils-1.2.jar;C:\Users\f7311419\.m2\repository\org\reflections\reflections\0.9.9\reflections-0.9.9.jar;C:\Users\f7311419\.m2\repository\org\mule\mule-core\3.9.0\mule-core-3.9.0-tests.jar;C:\Users\f7311419\.m2\repository\org\mockito\mockito-core\1.10.19\mockito-core-1.10.19.jar;C:\Users\f7311419\.m2\repository\org\objenesis\objenesis\2.1\objenesis-2.1.jar;C:\Users\f7311419\.m2\repository\com\mulesoft\munit\mule-munit-support\3.9.0\mule-munit-support-3.9.0.jar;C:\Users\f7311419\.m2\repository\org\mule\modules\mule-module-devkit-support\3.9.0\mule-module-devkit-support-3.9.0.jar;C:\Users\f7311419\.m2\repository\org\mule\modules\mule-module-http\3.9.0\mule-module-http-3.9.0.jar;C:\Users\f7311419\.m2\repository\org\mule\transports\mule-transport-ssl\3.9.0\mule-transport-ssl-3.9.0.jar;C:\Users\f7311419\.m2\repository\org\mule\transports\mule-transport-tcp\3.9.0\mule-transport-tcp-3.9.0.jar;C:\Users\f7311419\.m2\repository\org\apache\geronimo\specs\geronimo-servlet_3.0_spec\1.0\geronimo-servlet_3.0_spec-1.0.jar;C:\Users\f7311419\.m2\repository\org\glassfish\grizzly\grizzly-framework\2.3.33\grizzly-framework-2.3.33.jar;C:\Users\f7311419\.m2\repository\org\glassfish\grizzly\grizzly-http-server\2.3.33\grizzly-http-server-2.3.33.jar;C:\Users\f7311419\.m2\repository\org\glassfish\grizzly\grizzly-http\2.3.33\grizzly-http-2.3.33.jar;C:\Users\f7311419\.m2\repository\org\glassfish\grizzly\connection-pool\2.3.33\connection-pool-2.3.33.jar;C:\Users\f7311419\.m2\repository\javax\mail\mail\1.4.3\mail-1.4.3.jar;C:\Users\f7311419\.m2\repository\org\glassfish\grizzly\grizzly-http-client\1.14\grizzly-http-client-1.14.jar;C:\Users\f7311419\.m2\repository\org\glassfish\grizzly\grizzly-websockets\2.3.33\grizzly-websockets-2.3.33.jar;C:\Users\f7311419\.m2\repository\oauth\signpost\signpost-core\1.2.1.2\signpost-core-1.2.1.2.jar;C:\Users\f7311419\.m2\repository\com\mulesoft\modules\mule-interceptor-module\3.9.0\mule-interceptor-module-3.9.0.jar;C:\Users\f7311419\.m2\repository\com\google\guava\guava\18.0\guava-18.0.jar;C:\Users\f7311419\.m2\repository\xerces\xercesImpl\2.9.1\xercesImpl-2.9.1.jar;C:\Users\f7311419\.m2\repository\xml-apis\xml-apis\1.3.04\xml-apis-1.3.04.jar;C:\Users\f7311419\.m2\repository\com\mulesoft\munit\munit-runner\1.3.8\munit-runner-1.3.8.jar;C:\Users\f7311419\.m2\repository\com\mulesoft\munit\munit-assert\1.3.8\munit-assert-1.3.8.jar;C:\Users\f7311419\.m2\repository\com\mulesoft\munit\munit-common\1.3.8\munit-common-1.3.8.jar;C:\Users\f7311419\.m2\repository\org\mockito\mockito-all\1.8.2\mockito-all-1.8.2.jar;C:\Users\f7311419\.m2\repository\com\mulesoft\munit\munit-mock\1.3.8\munit-mock-1.3.8.jar;C:\Users\f7311419\.m2\repository\org\apache\commons\commons-lang3\3.0\commons-lang3-3.0.jar;"/>
    <property name="java.vm.vendor" value="Oracle Corporation"/>
    <property name="sun.arch.data.model" value="64"/>
    <property name="user.variant" value=""/>
    <property name="java.vendor.url" value="http://java.oracle.com/"/>
    <property name="user.timezone" value="Europe/London"/>
    <property name="java.vm.specification.version" value="1.8"/>
    <property name="os.name" value="Windows 7"/>
    <property name="user.country" value="GB"/>
    <property name="sun.java.launcher" value="SUN_STANDARD"/>
    <property name="sun.boot.library.path" value="C:\Program Files\Java\jdk1.8.0_151\jre\bin"/>
    <property name="sun.java.command" value="C:\Users\f7311419\AppData\Local\Temp\surefire197111081879837741\surefirebooter8695316919241455889.jar C:\Users\f7311419\AppData\Local\Temp\surefire197111081879837741 2019-02-20T13-47-42_711-jvmRun1 surefire5621887694118778466tmp surefire_08209052230193636246tmp"/>
    <property name="surefire.test.class.path" value="C:\Users\f7311419\AnypointStudio\training\bid-processing\target\test-classes;C:\Users\f7311419\AnypointStudio\training\bid-processing\target\classes;C:\Users\f7311419\.m2\repository\org\mule\transports\mule-transport-file\3.9.0\mule-transport-file-3.9.0.jar;C:\Users\f7311419\.m2\repository\org\mule\transports\mule-transport-vm\3.9.0\mule-transport-vm-3.9.0.jar;C:\Users\f7311419\.m2\repository\org\mule\modules\mule-module-xml\3.9.0\mule-module-xml-3.9.0.jar;C:\Users\f7311419\.m2\repository\commons-jxpath\commons-jxpath\1.3\commons-jxpath-1.3.jar;C:\Users\f7311419\.m2\repository\com\thoughtworks\xstream\xstream\1.4.10\xstream-1.4.10.jar;C:\Users\f7311419\.m2\repository\xmlpull\xmlpull\1.1.3.1\xmlpull-1.1.3.1.jar;C:\Users\f7311419\.m2\repository\joda-time\joda-time\2.9.1\joda-time-2.9.1.jar;C:\Users\f7311419\.m2\repository\xpp3\xpp3_min\1.1.3.4.O\xpp3_min-1.1.3.4.O.jar;C:\Users\f7311419\.m2\repository\org\codehaus\woodstox\woodstox-core-asl\4.4.1\woodstox-core-asl-4.4.1.jar;C:\Users\f7311419\.m2\repository\org\codehaus\woodstox\stax2-api\3.1.4\stax2-api-3.1.4.jar;C:\Users\f7311419\.m2\repository\net\java\dev\stax-utils\stax-utils\20080702\stax-utils-20080702.jar;C:\Users\f7311419\.m2\repository\net\sf\saxon\Saxon-HE\9.6.0-10\Saxon-HE-9.6.0-10.jar;C:\Users\f7311419\.m2\repository\net\sf\saxon\Saxon-HE\9.6.0-10\Saxon-HE-9.6.0-10-xqj.jar;C:\Users\f7311419\.m2\repository\javax\xml\xquery\xqj-api\1.0\xqj-api-1.0.jar;C:\Users\f7311419\.m2\repository\com\mulesoft\weave\mule-plugin-weave\3.9.0\mule-plugin-weave-3.9.0.jar;C:\Users\f7311419\.m2\repository\org\scala-lang\scala-library\2.11.7\scala-library-2.11.7.jar;C:\Users\f7311419\.m2\repository\com\mulesoft\weave\core\1.2.1-SNAPSHOTS\core-1.2.1-SNAPSHOTS.jar;C:\Users\f7311419\.m2\repository\com\mulesoft\weave\parser\1.2.1-SNAPSHOTS\parser-1.2.1-SNAPSHOTS.jar;C:\Users\f7311419\.m2\repository\org\parboiled\parboiled_2.11\2.1.3\parboiled_2.11-2.1.3.jar;C:\Users\f7311419\.m2\repository\com\chuusai\shapeless_2.11\2.3.0\shapeless_2.11-2.3.0.jar;C:\Users\f7311419\.m2\repository\org\typelevel\macro-compat_2.11\1.1.1\macro-compat_2.11-1.1.1.jar;C:\Users\f7311419\.m2\repository\org\spire-math\spire_2.11\0.11.0\spire_2.11-0.11.0.jar;C:\Users\f7311419\.m2\repository\org\spire-math\spire-macros_2.11\0.11.0\spire-macros_2.11-0.11.0.jar;C:\Users\f7311419\.m2\repository\org\typelevel\machinist_2.11\0.4.1\machinist_2.11-0.4.1.jar;C:\Users\f7311419\.m2\repository\org\scala-lang\scala-reflect\2.11.7\scala-reflect-2.11.7.jar;C:\Users\f7311419\.m2\repository\org\threeten\threetenbp\1.3.1\threetenbp-1.3.1.jar;C:\Users\f7311419\.m2\repository\com\fasterxml\woodstox\woodstox-core\5.0.2\woodstox-core-5.0.2.jar;C:\Users\f7311419\.m2\repository\com\fasterxml\aalto-xml\1.0.0\aalto-xml-1.0.0.jar;C:\Users\f7311419\.m2\repository\com\mulesoft\weave\flatfile\1.2.1-SNAPSHOTS\flatfile-1.2.1-SNAPSHOTS.jar;C:\Users\f7311419\.m2\repository\org\mule\edi\edi-parser\1.2.8\edi-parser-1.2.8.jar;C:\Users\f7311419\.m2\repository\org\mule\edi\ltm-datamodel\1.2.8\ltm-datamodel-1.2.8.jar;C:\Users\f7311419\.m2\repository\org\yaml\snakeyaml\1.15\snakeyaml-1.15.jar;C:\Users\f7311419\.m2\repository\log4j\log4j\1.2.17\log4j-1.2.17.jar;C:\Users\f7311419\.m2\repository\org\scala-lang\scala-compiler\2.11.5\scala-compiler-2.11.5.jar;C:\Users\f7311419\.m2\repository\org\scala-lang\modules\scala-xml_2.11\1.0.3\scala-xml_2.11-1.0.3.jar;C:\Users\f7311419\.m2\repository\org\scala-lang\modules\scala-parser-combinators_2.11\1.0.3\scala-parser-combinators_2.11-1.0.3.jar;C:\Users\f7311419\.m2\repository\com\mulesoft\weave\excel\1.2.1-SNAPSHOTS\excel-1.2.1-SNAPSHOTS.jar;C:\Users\f7311419\.m2\repository\org\apache\poi\poi\3.15\poi-3.15.jar;C:\Users\f7311419\.m2\repository\commons-codec\commons-codec\1.10\commons-codec-1.10.jar;C:\Users\f7311419\.m2\repository\org\apache\commons\commons-collections4\4.1\commons-collections4-4.1.jar;C:\Users\f7311419\.m2\repository\org\apache\poi\poi-ooxml\3.15\poi-ooxml-3.15.jar;C:\Users\f7311419\.m2\repository\org\apache\poi\poi-ooxml-schemas\3.15\poi-ooxml-schemas-3.15.jar;C:\Users\f7311419\.m2\repository\org\apache\xmlbeans\xmlbeans\2.6.0\xmlbeans-2.6.0.jar;C:\Users\f7311419\.m2\repository\stax\stax-api\1.0.1\stax-api-1.0.1.jar;C:\Users\f7311419\.m2\repository\com\github\virtuald\curvesapi\1.04\curvesapi-1.04.jar;C:\Users\f7311419\.m2\repository\org\mule\modules\mule-module-spring-config\3.9.0\mule-module-spring-config-3.9.0.jar;C:\Users\f7311419\.m2\repository\org\mule\mule-core\3.9.0\mule-core-3.9.0.jar;C:\Users\f7311419\.m2\repository\org\mule\extensions\mule-extensions-api\1.0.0-alpha-1\mule-extensions-api-1.0.0-alpha-1.jar;C:\Users\f7311419\.m2\repository\commons-beanutils\commons-beanutils\1.9.3\commons-beanutils-1.9.3.jar;C:\Users\f7311419\.m2\repository\com\github\stephenc\eaio-uuid\uuid\3.4.0\uuid-3.4.0.jar;C:\Users\f7311419\.m2\repository\com\github\stephenc\eaio-grabbag\grabbag\1.8.1\grabbag-1.8.1.jar;C:\Users\f7311419\.m2\repository\commons-cli\commons-cli\1.2\commons-cli-1.2.jar;C:\Users\f7311419\.m2\repository\commons-collections\commons-collections\3.2.2\commons-collections-3.2.2.jar;C:\Users\f7311419\.m2\repository\commons-io\commons-io\2.4\commons-io-2.4.jar;C:\Users\f7311419\.m2\repository\commons-lang\commons-lang\2.4\commons-lang-2.4.jar;C:\Users\f7311419\.m2\repository\commons-pool\commons-pool\1.6\commons-pool-1.6.jar;C:\Users\f7311419\.m2\repository\javax\transaction\javax.transaction-api\1.2\javax.transaction-api-1.2.jar;C:\Users\f7311419\.m2\repository\org\apache\geronimo\specs\geronimo-j2ee-connector_1.5_spec\2.0.0\geronimo-j2ee-connector_1.5_spec-2.0.0.jar;C:\Users\f7311419\.m2\repository\javax\inject\javax.inject\1\javax.inject-1.jar;C:\Users\f7311419\.m2\repository\com\lmax\disruptor\3.3.0\disruptor-3.3.0.jar;C:\Users\f7311419\.m2\repository\org\slf4j\slf4j-api\1.7.24\slf4j-api-1.7.24.jar;C:\Users\f7311419\.m2\repository\org\apache\logging\log4j\log4j-api\2.8.2\log4j-api-2.8.2.jar;C:\Users\f7311419\.m2\repository\org\apache\logging\log4j\log4j-core\2.8.2\log4j-core-2.8.2.jar;C:\Users\f7311419\.m2\repository\org\apache\logging\log4j\log4j-slf4j-impl\2.8.2\log4j-slf4j-impl-2.8.2.jar;C:\Users\f7311419\.m2\repository\org\apache\logging\log4j\log4j-1.2-api\2.8.2\log4j-1.2-api-2.8.2.jar;C:\Users\f7311419\.m2\repository\org\apache\logging\log4j\log4j-jcl\2.8.2\log4j-jcl-2.8.2.jar;C:\Users\f7311419\.m2\repository\commons-logging\commons-logging\1.2\commons-logging-1.2.jar;C:\Users\f7311419\.m2\repository\org\slf4j\jcl-over-slf4j\1.7.24\jcl-over-slf4j-1.7.24.jar;C:\Users\f7311419\.m2\repository\org\apache\logging\log4j\log4j-jul\2.8.2\log4j-jul-2.8.2.jar;C:\Users\f7311419\.m2\repository\asm\asm\3.1\asm-3.1.jar;C:\Users\f7311419\.m2\repository\asm\asm-commons\3.1\asm-commons-3.1.jar;C:\Users\f7311419\.m2\repository\asm\asm-tree\3.1\asm-tree-3.1.jar;C:\Users\f7311419\.m2\repository\org\mule\mvel\mule-mvel2\2.1.9-MULE-012\mule-mvel2-2.1.9-MULE-012.jar;C:\Users\f7311419\.m2\repository\org\jgrapht\jgrapht-jdk1.5\0.7.3\jgrapht-jdk1.5-0.7.3.jar;C:\Users\f7311419\.m2\repository\org\mule\common\mule-common\3.9.0\mule-common-3.9.0.jar;C:\Users\f7311419\.m2\repository\org\mulesoft\xmlbeans\xmlbeans\2.6.3\xmlbeans-2.6.3.jar;C:\Users\f7311419\.m2\repository\javax\xml\stream\stax-api\1.0-2\stax-api-1.0-2.jar;C:\Users\f7311419\.m2\repository\org\json\json\20140107\json-20140107.jar;C:\Users\f7311419\.m2\repository\com\fasterxml\jackson\core\jackson-core\2.8.9\jackson-core-2.8.9.jar;C:\Users\f7311419\.m2\repository\com\fasterxml\jackson\core\jackson-databind\2.8.9\jackson-databind-2.8.9.jar;C:\Users\f7311419\.m2\repository\com\fasterxml\jackson\core\jackson-annotations\2.8.0\jackson-annotations-2.8.0.jar;C:\Users\f7311419\.m2\repository\org\antlr\antlr-runtime\3.5.2\antlr-runtime-3.5.2.jar;C:\Users\f7311419\.m2\repository\org\mule\modules\mule-module-annotations\3.9.0\mule-module-annotations-3.9.0.jar;C:\Users\f7311419\.m2\repository\cglib\cglib-nodep\2.2\cglib-nodep-2.2.jar;C:\Users\f7311419\.m2\repository\org\springframework\spring-context\4.1.9.RELEASE\spring-context-4.1.9.RELEASE.jar;C:\Users\f7311419\.m2\repository\org\springframework\spring-core\4.1.9.RELEASE\spring-core-4.1.9.RELEASE.jar;C:\Users\f7311419\.m2\repository\org\springframework\spring-expression\4.1.9.RELEASE\spring-expression-4.1.9.RELEASE.jar;C:\Users\f7311419\.m2\repository\dom4j\dom4j\1.6.1\dom4j-1.6.1.jar;C:\Users\f7311419\.m2\repository\jaxen\jaxen\1.1.1\jaxen-1.1.1.jar;C:\Users\f7311419\.m2\repository\org\mule\tests\mule-tests-functional\3.9.0\mule-tests-functional-3.9.0.jar;C:\Users\f7311419\.m2\repository\org\mule\modules\mule-module-extensions-support\3.9.0\mule-module-extensions-support-3.9.0.jar;C:\Users\f7311419\.m2\repository\org\mule\extensions\mule-extensions-annotations\1.0.0-alpha-1\mule-extensions-annotations-1.0.0-alpha-1.jar;C:\Users\f7311419\.m2\repository\org\springframework\spring-beans\4.1.9.RELEASE\spring-beans-4.1.9.RELEASE.jar;C:\Users\f7311419\.m2\repository\org\springframework\spring-aop\4.1.9.RELEASE\spring-aop-4.1.9.RELEASE.jar;C:\Users\f7311419\.m2\repository\aopalliance\aopalliance\1.0\aopalliance-1.0.jar;C:\Users\f7311419\.m2\repository\junit\junit\4.12\junit-4.12.jar;C:\Users\f7311419\.m2\repository\org\hamcrest\hamcrest-library\1.3\hamcrest-library-1.3.jar;C:\Users\f7311419\.m2\repository\org\hamcrest\hamcrest-core\1.3\hamcrest-core-1.3.jar;C:\Users\f7311419\.m2\repository\commons-net\commons-net\3.5\commons-net-3.5.jar;C:\Users\f7311419\.m2\repository\org\apache\ftpserver\ftpserver-core\1.0.6\ftpserver-core-1.0.6.jar;C:\Users\f7311419\.m2\repository\org\apache\mina\mina-core\2.0.4\mina-core-2.0.4.jar;C:\Users\f7311419\.m2\repository\org\apache\ftpserver\ftplet-api\1.0.6\ftplet-api-1.0.6.jar;C:\Users\f7311419\.m2\repository\org\apache\sshd\sshd-core\1.4.0\sshd-core-1.4.0.jar;C:\Users\f7311419\.m2\repository\org\bouncycastle\bcprov-jdk15on\1.56\bcprov-jdk15on-1.56.jar;C:\Users\f7311419\.m2\repository\commons-dbutils\commons-dbutils\1.2\commons-dbutils-1.2.jar;C:\Users\f7311419\.m2\repository\org\reflections\reflections\0.9.9\reflections-0.9.9.jar;C:\Users\f7311419\.m2\repository\org\mule\mule-core\3.9.0\mule-core-3.9.0-tests.jar;C:\Users\f7311419\.m2\repository\org\mockito\mockito-core\1.10.19\mockito-core-1.10.19.jar;C:\Users\f7311419\.m2\repository\org\objenesis\objenesis\2.1\objenesis-2.1.jar;C:\Users\f7311419\.m2\repository\com\mulesoft\munit\mule-munit-support\3.9.0\mule-munit-support-3.9.0.jar;C:\Users\f7311419\.m2\repository\org\mule\modules\mule-module-devkit-support\3.9.0\mule-module-devkit-support-3.9.0.jar;C:\Users\f7311419\.m2\repository\org\mule\modules\mule-module-http\3.9.0\mule-module-http-3.9.0.jar;C:\Users\f7311419\.m2\repository\org\mule\transports\mule-transport-ssl\3.9.0\mule-transport-ssl-3.9.0.jar;C:\Users\f7311419\.m2\repository\org\mule\transports\mule-transport-tcp\3.9.0\mule-transport-tcp-3.9.0.jar;C:\Users\f7311419\.m2\repository\org\apache\geronimo\specs\geronimo-servlet_3.0_spec\1.0\geronimo-servlet_3.0_spec-1.0.jar;C:\Users\f7311419\.m2\repository\org\glassfish\grizzly\grizzly-framework\2.3.33\grizzly-framework-2.3.33.jar;C:\Users\f7311419\.m2\repository\org\glassfish\grizzly\grizzly-http-server\2.3.33\grizzly-http-server-2.3.33.jar;C:\Users\f7311419\.m2\repository\org\glassfish\grizzly\grizzly-http\2.3.33\grizzly-http-2.3.33.jar;C:\Users\f7311419\.m2\repository\org\glassfish\grizzly\connection-pool\2.3.33\connection-pool-2.3.33.jar;C:\Users\f7311419\.m2\repository\javax\mail\mail\1.4.3\mail-1.4.3.jar;C:\Users\f7311419\.m2\repository\org\glassfish\grizzly\grizzly-http-client\1.14\grizzly-http-client-1.14.jar;C:\Users\f7311419\.m2\repository\org\glassfish\grizzly\grizzly-websockets\2.3.33\grizzly-websockets-2.3.33.jar;C:\Users\f7311419\.m2\repository\oauth\signpost\signpost-core\1.2.1.2\signpost-core-1.2.1.2.jar;C:\Users\f7311419\.m2\repository\com\mulesoft\modules\mule-interceptor-module\3.9.0\mule-interceptor-module-3.9.0.jar;C:\Users\f7311419\.m2\repository\com\google\guava\guava\18.0\guava-18.0.jar;C:\Users\f7311419\.m2\repository\xerces\xercesImpl\2.9.1\xercesImpl-2.9.1.jar;C:\Users\f7311419\.m2\repository\xml-apis\xml-apis\1.3.04\xml-apis-1.3.04.jar;C:\Users\f7311419\.m2\repository\com\mulesoft\munit\munit-runner\1.3.8\munit-runner-1.3.8.jar;C:\Users\f7311419\.m2\repository\com\mulesoft\munit\munit-assert\1.3.8\munit-assert-1.3.8.jar;C:\Users\f7311419\.m2\repository\com\mulesoft\munit\munit-common\1.3.8\munit-common-1.3.8.jar;C:\Users\f7311419\.m2\repository\org\mockito\mockito-all\1.8.2\mockito-all-1.8.2.jar;C:\Users\f7311419\.m2\repository\com\mulesoft\munit\munit-mock\1.3.8\munit-mock-1.3.8.jar;C:\Users\f7311419\.m2\repository\org\apache\commons\commons-lang3\3.0\commons-lang3-3.0.jar;"/>
    <property name="sun.cpu.endian" value="little"/>
    <property name="user.home" value="C:\Users\f7311419"/>
    <property name="user.language" value="en"/>
    <property name="java.specification.vendor" value="Oracle Corporation"/>
    <property name="java.home" value="C:\Program Files\Java\jdk1.8.0_151\jre"/>
    <property name="basedir" value="C:\Users\f7311419\AnypointStudio\training\bid-processing"/>
    <property name="file.separator" value="\"/>
    <property name="line.separator" value="&#10;"/>
    <property name="java.vm.specification.vendor" value="Oracle Corporation"/>
    <property name="java.specification.name" value="Java Platform API Specification"/>
    <property name="java.awt.graphicsenv" value="sun.awt.Win32GraphicsEnvironment"/>
    <property name="surefire.real.class.path" value="C:\Users\f7311419\AppData\Local\Temp\surefire197111081879837741\surefirebooter8695316919241455889.jar"/>
    <property name="sun.boot.class.path" value="C:\Program Files\Java\jdk1.8.0_151\jre\lib\resources.jar;C:\Program Files\Java\jdk1.8.0_151\jre\lib\rt.jar;C:\Program Files\Java\jdk1.8.0_151\jre\lib\sunrsasign.jar;C:\Program Files\Java\jdk1.8.0_151\jre\lib\jsse.jar;C:\Program Files\Java\jdk1.8.0_151\jre\lib\jce.jar;C:\Program Files\Java\jdk1.8.0_151\jre\lib\charsets.jar;C:\Program Files\Java\jdk1.8.0_151\jre\lib\jfr.jar;C:\Program Files\Java\jdk1.8.0_151\jre\classes"/>
    <property name="user.script" value=""/>
    <property name="sun.management.compiler" value="HotSpot 64-Bit Tiered Compilers"/>
    <property name="java.runtime.version" value="1.8.0_151-b12"/>
    <property name="user.name" value="f7311419"/>
    <property name="path.separator" value=";"/>
    <property name="os.version" value="6.1"/>
    <property name="java.endorsed.dirs" value="C:\Program Files\Java\jdk1.8.0_151\jre\lib\endorsed"/>
    <property name="java.runtime.name" value="Java(TM) SE Runtime Environment"/>
    <property name="file.encoding" value="Cp1252"/>
    <property name="java.vm.name" value="Java HotSpot(TM) 64-Bit Server VM"/>
    <property name="localRepository" value="C:\Users\f7311419\.m2\repository"/>
    <property name="java.vendor.url.bug" value="http://bugreport.sun.com/bugreport/"/>
    <property name="java.io.tmpdir" value="C:\Users\f7311419\AppData\Local\Temp\"/>
    <property name="java.version" value="1.8.0_151"/>
    <property name="user.dir" value="C:\Users\f7311419\AnypointStudio\training\bid-processing"/>
    <property name="os.arch" value="amd64"/>
    <property name="java.vm.specification.name" value="Java Virtual Machine Specification"/>
    <property name="java.awt.printerjob" value="sun.awt.windows.WPrinterJob"/>
    <property name="sun.os.patch.level" value="Service Pack 1"/>
    <property name="java.library.path" value="C:\Program Files\Java\jdk1.8.0_151\jre\bin;C:\Windows\Sun\Java\bin;C:\Windows\system32;C:\Windows;C:\Users\f7311419\bin;C:\Program Files\Git\mingw64\bin;C:\Program Files\Git\usr\local\bin;C:\Program Files\Git\usr\bin;C:\Program Files\Git\usr\bin;C:\Program Files\Git\mingw64\bin;C:\Program Files\Git\usr\bin;C:\Users\f7311419\bin;C:\Program Files (x86)\Common Files\Oracle\Java\javapath;C:\Windows\system32;C:\Windows;C:\Windows\System32\Wbem;C:\Windows\System32\WindowsPowerShell\v1.0;C:\Program Files (x86)\Lenovo\Access Connections;C:\Program Files (x86)\QuickTime\QTSystem;C:\Program Files (x86)\Microsoft SQL Server\100\Tools\Binn\VSShell\Common7\IDE;C:\Program Files (x86)\Microsoft SQL Server\100\Tools\Binn;C:\Program Files (x86)\Microsoft SQL Server\100\DTS\Binn;C:\Program Files (x86)\GNU\GnuPG\pub;C:\Program Files\Microsoft SQL Server\100\Tools\Binn;C:\Program Files\Microsoft SQL Server\100\DTS\Binn;C:\Program Files\1E\NomadBranch;C:\apache-maven-3.5.2\bin;C:\Program Files\EmEditor;C:\Program Files\nodejs;C:\Program Files\PuTTY;C:\ProgramData\chocolatey\bin;C:\Program Files (x86)\WebEx\Productivity Tools;C:\Program Files\Intel\WiFi\bin;C:\Program Files\Common Files\Intel\WirelessCommon;C:\Program Files (x86)\Common Files\Oracle\Java\javapath;C:\Windows\system32;C:\Windows;C:\Windows\System32\Wbem;C:\Windows\System32\WindowsPowerShell\v1.0;C:\Program Files (x86)\Lenovo\Access Connections;C:\Program Files (x86)\QuickTime\QTSystem;C:\Program Files (x86)\Microsoft SQL Server\100\Tools\Binn\VSShell\Common7\IDE;C:\Program Files (x86)\Microsoft SQL Server\100\Tools\Binn;C:\Program Files (x86)\Microsoft SQL Server\100\DTS\Binn;C:\Program Files (x86)\GNU\GnuPG\pub;C:\Program Files\Microsoft SQL Server\100\Tools\Binn;C:\Program Files\Microsoft SQL Server\100\DTS\Binn;C:\Program Files\1E\NomadBranch;C:\apache-maven-3.5.2\bin;C:\Program Files\EmEditor;C:\Program Files\nodejs;C:\Program Files\PuTTY;C:\ProgramData\chocolatey\bin;C:\Program Files (x86)\WebEx\Productivity Tools;C:\Program Files\Intel\WiFi\bin;C:\Program Files\Common Files\Intel\WirelessCommon;C:\mule-standalone-3.9.0\bin;C:\Program Files\Java\jdk1.8.0_151\bin;C:\Users\f7311419\AppData\Local\atom\bin;C:\apache-maven-3.5.2\bin;C;C:\Program Files\Git\usr\bin\vendor_perl;C:\Program Files\Git\usr\bin\core_perl;."/>
    <property name="java.vm.info" value="mixed mode"/>
    <property name="java.vendor" value="Oracle Corporation"/>
    <property name="java.vm.version" value="25.151-b12"/>
    <property name="java.ext.dirs" value="C:\Program Files\Java\jdk1.8.0_151\jre\lib\ext;C:\Windows\Sun\Java\lib\ext"/>
    <property name="sun.io.unicode.encoding" value="UnicodeLittle"/>
    <property name="java.class.version" value="52.0"/>
  </properties>
  <testcase name="testAuctionService" classname="com.mulesoft.ScatterGatherLabTestCase" time="9.215"/>
</testsuite>